Ficheiro lido com sucesso.
Funcionário registado com o identificador 4.
Funcionário existente.
Funcionário registado com o identificador 5.
Funcionário registado com o identificador 6.
Cliente existente.
Cliente registado com o identificador 2.
Cliente registado com o identificador 3.
Local existente.
Local registado com o identificador 3.
Cliente inexistente.
Item registado para o cliente 2 com o identificador 1.
Item registado para o cliente 2 com o identificador 2.
Item registado para o cliente 2 com o identificador 3.
Item registado para o cliente 3 com o identificador 1.
Item registado para o cliente 3 com o identificador 2.
Item registado para o cliente 3 com o identificador 3.
Condutor sem permissões.
Funcionário inexistente.
Funcionário inexistente.
Ficheiro gravado com sucesso.
